<?xml version="1.0" encoding="utf-8"?><testsuites name="pytest tests"><testsuite name="pytest" errors="110" failures="112" skipped="1" tests="525" time="355.241" timestamp="2026-07-01T23:58:25.557323+08:00" hostname="PC-20251213HRHT"><testcase classname="tests.integration.test_accounting.TestAccountingEquation" name="test_opening_balance_balanced" time="3.563" /><testcase classname="tests.integration.test_accounting.TestAccountingEquation" name="test_purchase_keeps_balanced" time="3.546"><failure message="KeyError: 'entity_id'">E   KeyError: 'entity_id'</failure></testcase><testcase classname="tests.integration.test_accounting.TestAccountingEquation" name="test_sale_keeps_balanced" time="3.528"><failure message="KeyError: 'entity_id'">E   KeyError: 'entity_id'</failure></testcase><testcase classname="tests.integration.test_accounting.TestAccountingEquation" name="test_expense_keeps_balanced" time="3.581" /><testcase classname="tests.integration.test_accounting.TestAccountingEquation" name="test_multi_transaction_balanced" time="5.573"><failure message="KeyError: 'entity_id'">E   KeyError: 'entity_id'</failure></testcase><testcase classname="tests.integration.test_accounting_check.TestCheckInvoiceAmounts" name="test_valid_invoice_amounts" time="0.745"><error message="failed on setup with &quot;concurrent.futures._base.CancelledError&quot;">E   concurrent.futures._base.CancelledError</error></testcase><testcase classname="tests.integration.test_accounting_check.TestCheckInvoiceAmounts" name="test_invalid_invoice_amounts" time="0.000"><error message="failed on setup with &quot;concurrent.futures._base.CancelledError&quot;">E   concurrent.futures._base.CancelledError</error></testcase><testcase classname="tests.integration.test_accounting_check.TestCheckDepreciation" name="test_depreciation_straight_line" time="0.000"><error message="failed on setup with &quot;concurrent.futures._base.CancelledError&quot;">E   concurrent.futures._base.CancelledError</error></testcase><testcase classname="tests.integration.test_accounting_check.TestCheckDepreciation" name="test_depreciation_double_declining" time="0.000"><error message="failed on setup with &quot;concurrent.futures._base.CancelledError&quot;">E   concurrent.futures._base.CancelledError</error></testcase><testcase classname="tests.integration.test_accounting_check.TestCheckDepreciation" name="test_depreciation_sum_of_years" time="0.000"><error message="failed on setup with &quot;concurrent.futures._base.CancelledError&quot;">E   concurrent.futures._base.CancelledError</error></testcase><testcase classname="tests.integration.test_accounting_check.TestCheckDepreciation" name="test_invalid_method" time="0.000"><error message="failed on setup with &quot;concurrent.futures._base.CancelledError&quot;">E   concurrent.futures._base.CancelledError</error></testcase><testcase classname="tests.integration.test_accounting_check.TestCheckDepreciation" name="test_invalid_parameters" time="0.000"><error message="failed on setup with &quot;concurrent.futures._base.CancelledError&quot;">E   concurrent.futures._base.CancelledError</error></testcase><testcase classname="tests.integration.test_accounting_check.TestCheckAmortization" name="test_valid_amortization" time="0.000"><error message="failed on setup with &quot;concurrent.futures._base.CancelledError&quot;">E   concurrent.futures._base.CancelledError</error></testcase><testcase classname="tests.integration.test_accounting_check.TestCheckAmortization" name="test_invalid_amortization_params" time="0.000"><error message="failed on setup with &quot;concurrent.futures._base.CancelledError&quot;">E   concurrent.futures._base.CancelledError</error></testcase><testcase classname="tests.integration.test_accounting_check.TestCheckVat" name="test_vat_general" time="0.000"><error message="failed on setup with &quot;concurrent.futures._base.CancelledError&quot;">E   concurrent.futures._base.CancelledError</error></testcase><testcase classname="tests.integration.test_accounting_check.TestCheckVat" name="test_vat_small_scale" time="0.000"><error message="failed on setup with &quot;concurrent.futures._base.CancelledError&quot;">E   concurrent.futures._base.CancelledError</error></testcase><testcase classname="tests.integration.test_accounting_check.TestCheckIncomeTax" name="test_income_tax_small_micro" time="0.000"><error message="failed on setup with &quot;concurrent.futures._base.CancelledError&quot;">E   concurrent.futures._base.CancelledError</error></testcase><testcase classname="tests.integration.test_accounting_check.TestCheckIncomeTax" name="test_income_tax_general" time="0.000"><error message="failed on setup with &quot;concurrent.futures._base.CancelledError&quot;">E   concurrent.futures._base.CancelledError</error></testcase><testcase classname="tests.integration.test_accounting_check.TestCheckBalanceSheet" name="test_balance_sheet_valid" time="0.000"><error message="failed on setup with &quot;concurrent.futures._base.CancelledError&quot;">E   concurrent.futures._base.CancelledError</error></testcase><testcase classname="tests.integration.test_accounting_check.TestCheckIncomeStatement" name="test_income_statement_valid" time="0.001"><error message="failed on setup with &quot;concurrent.futures._base.CancelledError&quot;">E   concurrent.futures._base.CancelledError</error></testcase><testcase classname="tests.integration.test_accounting_check.TestCheckCashFlow" name="test_cash_flow_valid" time="0.000"><error message="failed on setup with &quot;concurrent.futures._base.CancelledError&quot;">E   concurrent.futures._base.CancelledError</error></testcase><testcase classname="tests.integration.test_accrual_accounting" name="test_create_bank_account" time="0.432"><error message="failed on setup with &quot;concurrent.futures._base.CancelledError&quot;">E   concurrent.futures._base.CancelledError</error></testcase><testcase classname="tests.integration.test_accrual_accounting" name="test_list_bank_accounts" time="0.443"><error message="failed on setup with &quot;concurrent.futures._base.CancelledError&quot;">E   concurrent.futures._base.CancelledError</error></testcase><testcase classname="tests.integration.test_accrual_accounting" name="test_update_bank_account" time="0.449"><error message="failed on setup with &quot;concurrent.futures._base.CancelledError&quot;">E   concurrent.futures._base.CancelledError</error></testcase><testcase classname="tests.integration.test_accrual_accounting" name="test_delete_bank_account_with_transactions_should_fail" time="0.460"><error message="failed on setup with &quot;concurrent.futures._base.CancelledError&quot;">E   concurrent.futures._base.CancelledError</error></testcase><testcase classname="tests.integration.test_accrual_accounting" name="test_delete_bank_account" time="4.398" /><testcase classname="tests.integration.test_accrual_accounting" name="test_create_bank_transaction" time="3.430"><failure message="pydantic_core._pydantic_core.ValidationError: 3 validation errors for BankTransactionOut&#10;amount&#10;  Field required [type=missing, input_value=&lt;models.BankTransaction o...t at 0x000002582AFA5910&gt;, input_type=BankTransaction]&#10;    For further information visit https://errors.pydantic.dev/2.13/v/missing&#10;transaction_date&#10;  Field required [type=missing, input_value=&lt;models.BankTransaction o...t at 0x000002582AFA5910&gt;, input_type=BankTransaction]&#10;    For further information visit https://errors.pydantic.dev/2.13/v/missing&#10;balance_after&#10;  Field required [type=missing, input_value=&lt;models.BankTransaction o...t at 0x000002582AFA5910&gt;, input_type=BankTransaction]&#10;    For further information visit https://errors.pydantic.dev/2.13/v/missing">E   pydantic_core._pydantic_core.ValidationError: 3 validation errors for BankTransactionOut
    amount
      Field required [type=missing, input_value=&lt;models.BankTransaction o...t at 0x000002582AFA5910&gt;, input_type=BankTransaction]
        For further information visit https://errors.pydantic.dev/2.13/v/missing
    transaction_date
      Field required [type=missing, input_value=&lt;models.BankTransaction o...t at 0x000002582AFA5910&gt;, input_type=BankTransaction]
        For further information visit https://errors.pydantic.dev/2.13/v/missing
    balance_after
      Field required [type=missing, input_value=&lt;models.BankTransaction o...t at 0x000002582AFA5910&gt;, input_type=BankTransaction]
        For further information visit https://errors.pydantic.dev/2.13/v/missing</failure></testcase><testcase classname="tests.integration.test_accrual_accounting" name="test_create_bank_transaction_outflow" time="3.531"><failure message="pydantic_core._pydantic_core.ValidationError: 3 validation errors for BankTransactionOut&#10;amount&#10;  Field required [type=missing, input_value=&lt;models.BankTransaction o...t at 0x000002582B03ED50&gt;, input_type=BankTransaction]&#10;    For further information visit https://errors.pydantic.dev/2.13/v/missing&#10;transaction_date&#10;  Field required [type=missing, input_value=&lt;models.BankTransaction o...t at 0x000002582B03ED50&gt;, input_type=BankTransaction]&#10;    For further information visit https://errors.pydantic.dev/2.13/v/missing&#10;balance_after&#10;  Field required [type=missing, input_value=&lt;models.BankTransaction o...t at 0x000002582B03ED50&gt;, input_type=BankTransaction]&#10;    For further information visit https://errors.pydantic.dev/2.13/v/missing">E   pydantic_core._pydantic_core.ValidationError: 3 validation errors for BankTransactionOut
    amount
      Field required [type=missing, input_value=&lt;models.BankTransaction o...t at 0x000002582B03ED50&gt;, input_type=BankTransaction]
        For further information visit https://errors.pydantic.dev/2.13/v/missing
    transaction_date
      Field required [type=missing, input_value=&lt;models.BankTransaction o...t at 0x000002582B03ED50&gt;, input_type=BankTransaction]
        For further information visit https://errors.pydantic.dev/2.13/v/missing
    balance_after
      Field required [type=missing, input_value=&lt;models.BankTransaction o...t at 0x000002582B03ED50&gt;, input_type=BankTransaction]
        For further information visit https://errors.pydantic.dev/2.13/v/missing</failure></testcase><testcase classname="tests.integration.test_accrual_accounting" name="test_create_expense_accrual" time="3.417" /><testcase classname="tests.integration.test_accrual_accounting" name="test_pay_expense" time="3.597"><failure message="pydantic_core._pydantic_core.ValidationError: 2 validation errors for PaymentOut&#10;amount&#10;  Field required [type=missing, input_value=&lt;models.Payment object at 0x000002582B11DE90&gt;, input_type=Payment]&#10;    For further information visit https://errors.pydantic.dev/2.13/v/missing&#10;payment_date&#10;  Field required [type=missing, input_value=&lt;models.Payment object at 0x000002582B11DE90&gt;, input_type=Payment]&#10;    For further information visit https://errors.pydantic.dev/2.13/v/missing">E   pydantic_core._pydantic_core.ValidationError: 2 validation errors for PaymentOut
    amount
      Field required [type=missing, input_value=&lt;models.Payment object at 0x000002582B11DE90&gt;, input_type=Payment]
        For further information visit https://errors.pydantic.dev/2.13/v/missing
    payment_date
      Field required [type=missing, input_value=&lt;models.Payment object at 0x000002582B11DE90&gt;, input_type=Payment]
        For further information visit https://errors.pydantic.dev/2.13/v/missing</failure></testcase><testcase classname="tests.integration.test_accrual_accounting" name="test_create_purchase_accrual" time="4.347" /><testcase classname="tests.integration.test_accrual_accounting" name="test_pay_purchase" time="3.508"><failure message="pydantic_core._pydantic_core.ValidationError: 2 validation errors for PaymentOut&#10;amount&#10;  Field required [type=missing, input_value=&lt;models.Payment object at 0x000002582B229D50&gt;, input_type=Payment]&#10;    For further information visit https://errors.pydantic.dev/2.13/v/missing&#10;payment_date&#10;  Field required [type=missing, input_value=&lt;models.Payment object at 0x000002582B229D50&gt;, input_type=Payment]&#10;    For further information visit https://errors.pydantic.dev/2.13/v/missing">E   pydantic_core._pydantic_core.ValidationError: 2 validation errors for PaymentOut
    amount
      Field required [type=missing, input_value=&lt;models.Payment object at 0x000002582B229D50&gt;, input_type=Payment]
        For further information visit https://errors.pydantic.dev/2.13/v/missing
    payment_date
      Field required [type=missing, input_value=&lt;models.Payment object at 0x000002582B229D50&gt;, input_type=Payment]
        For further information visit https://errors.pydantic.dev/2.13/v/missing</failure></testcase><testcase classname="tests.integration.test_accrual_accounting" name="test_create_sale_accrual" time="3.425" /><testcase classname="tests.integration.test_accrual_accounting" name="test_receive_sale" time="3.376"><failure message="pydantic_core._pydantic_core.ValidationError: 2 validation errors for ReceiptOut&#10;amount&#10;  Field required [type=missing, input_value=&lt;models.Receipt object at 0x000002582B22E550&gt;, input_type=Receipt]&#10;    For further information visit https://errors.pydantic.dev/2.13/v/missing&#10;receipt_date&#10;  Field required [type=missing, input_value=&lt;models.Receipt object at 0x000002582B22E550&gt;, input_type=Receipt]&#10;    For further information visit https://errors.pydantic.dev/2.13/v/missing">E   pydantic_core._pydantic_core.ValidationError: 2 validation errors for ReceiptOut
    amount
      Field required [type=missing, input_value=&lt;models.Receipt object at 0x000002582B22E550&gt;, input_type=Receipt]
        For further information visit https://errors.pydantic.dev/2.13/v/missing
    receipt_date
      Field required [type=missing, input_value=&lt;models.Receipt object at 0x000002582B22E550&gt;, input_type=Receipt]
        For further information visit https://errors.pydantic.dev/2.13/v/missing</failure></testcase><testcase classname="tests.integration.test_accrual_accounting" name="test_balance_sheet_includes_unpaid_expenses" time="3.474" /><testcase classname="tests.integration.test_accrual_accounting" name="test_income_statement_includes_unpaid_expenses" time="3.283" /><testcase classname="tests.integration.test_accrual_accounting" name="test_cash_flow_statement_from_bank_transactions" time="3.292"><failure message="pydantic_core._pydantic_core.ValidationError: 3 validation errors for BankTransactionOut&#10;amount&#10;  Field required [type=missing, input_value=&lt;models.BankTransaction o...t at 0x000002582B2EBF90&gt;, input_type=BankTransaction]&#10;    For further information visit https://errors.pydantic.dev/2.13/v/missing&#10;transaction_date&#10;  Field required [type=missing, input_value=&lt;models.BankTransaction o...t at 0x000002582B2EBF90&gt;, input_type=BankTransaction]&#10;    For further information visit https://errors.pydantic.dev/2.13/v/missing&#10;balance_after&#10;  Field required [type=missing, input_value=&lt;models.BankTransaction o...t at 0x000002582B2EBF90&gt;, input_type=BankTransaction]&#10;    For further information visit https://errors.pydantic.dev/2.13/v/missing">E   pydantic_core._pydantic_core.ValidationError: 3 validation errors for BankTransactionOut
    amount
      Field required [type=missing, input_value=&lt;models.BankTransaction o...t at 0x000002582B2EBF90&gt;, input_type=BankTransaction]
        For further information visit https://errors.pydantic.dev/2.13/v/missing
    transaction_date
      Field required [type=missing, input_value=&lt;models.BankTransaction o...t at 0x000002582B2EBF90&gt;, input_type=BankTransaction]
        For further information visit https://errors.pydantic.dev/2.13/v/missing
    balance_after
      Field required [type=missing, input_value=&lt;models.BankTransaction o...t at 0x000002582B2EBF90&gt;, input_type=BankTransaction]
        For further information visit https://errors.pydantic.dev/2.13/v/missing</failure></testcase><testcase classname="tests.integration.test_accrual_accounting" name="test_expense_amount_zero" time="3.286" /><testcase classname="tests.integration.test_accrual_accounting" name="test_expense_amount_negative" time="3.330" /><testcase classname="tests.integration.test_accrual_accounting" name="test_payment_exceeds_expense_amount" time="3.466"><failure message="pydantic_core._pydantic_core.ValidationError: 2 validation errors for PaymentOut&#10;amount&#10;  Field required [type=missing, input_value=&lt;models.Payment object at 0x000002582B0BD790&gt;, input_type=Payment]&#10;    For further information visit https://errors.pydantic.dev/2.13/v/missing&#10;payment_date&#10;  Field required [type=missing, input_value=&lt;models.Payment object at 0x000002582B0BD790&gt;, input_type=Payment]&#10;    For further information visit https://errors.pydantic.dev/2.13/v/missing">E   pydantic_core._pydantic_core.ValidationError: 2 validation errors for PaymentOut
    amount
      Field required [type=missing, input_value=&lt;models.Payment object at 0x000002582B0BD790&gt;, input_type=Payment]
        For further information visit https://errors.pydantic.dev/2.13/v/missing
    payment_date
      Field required [type=missing, input_value=&lt;models.Payment object at 0x000002582B0BD790&gt;, input_type=Payment]
        For further information visit https://errors.pydantic.dev/2.13/v/missing</failure></testcase><testcase classname="tests.integration.test_accrual_accounting" name="test_bank_account_not_found" time="3.436" /><testcase classname="tests.integration.test_accrual_accounting" name="test_duplicate_payment" time="3.469"><failure message="pydantic_core._pydantic_core.ValidationError: 2 validation errors for PaymentOut&#10;amount&#10;  Field required [type=missing, input_value=&lt;models.Payment object at 0x000002582ACD8D50&gt;, input_type=Payment]&#10;    For further information visit https://errors.pydantic.dev/2.13/v/missing&#10;payment_date&#10;  Field required [type=missing, input_value=&lt;models.Payment object at 0x000002582ACD8D50&gt;, input_type=Payment]&#10;    For further information visit https://errors.pydantic.dev/2.13/v/missing">E   pydantic_core._pydantic_core.ValidationError: 2 validation errors for PaymentOut
    amount
      Field required [type=missing, input_value=&lt;models.Payment object at 0x000002582ACD8D50&gt;, input_type=Payment]
        For further information visit https://errors.pydantic.dev/2.13/v/missing
    payment_date
      Field required [type=missing, input_value=&lt;models.Payment object at 0x000002582ACD8D50&gt;, input_type=Payment]
        For further information visit https://errors.pydantic.dev/2.13/v/missing</failure></testcase><testcase classname="tests.integration.test_accrual_accounting" name="test_payment_with_bank_account" time="3.477"><failure message="pydantic_core._pydantic_core.ValidationError: 2 validation errors for PaymentOut&#10;amount&#10;  Field required [type=missing, input_value=&lt;models.Payment object at 0x000002582B22E750&gt;, input_type=Payment]&#10;    For further information visit https://errors.pydantic.dev/2.13/v/missing&#10;payment_date&#10;  Field required [type=missing, input_value=&lt;models.Payment object at 0x000002582B22E750&gt;, input_type=Payment]&#10;    For further information visit https://errors.pydantic.dev/2.13/v/missing">E   pydantic_core._pydantic_core.ValidationError: 2 validation errors for PaymentOut
    amount
      Field required [type=missing, input_value=&lt;models.Payment object at 0x000002582B22E750&gt;, input_type=Payment]
        For further information visit https://errors.pydantic.dev/2.13/v/missing
    payment_date
      Field required [type=missing, input_value=&lt;models.Payment object at 0x000002582B22E750&gt;, input_type=Payment]
        For further information visit https://errors.pydantic.dev/2.13/v/missing</failure></testcase><testcase classname="tests.integration.test_accrual_accounting" name="test_payment_rollback_on_bank_account_not_found" time="3.414" /><testcase classname="tests.integration.test_accrual_accounting" name="test_full_business_flow" time="3.499"><failure message="pydantic_core._pydantic_core.ValidationError: 2 validation errors for PaymentOut&#10;amount&#10;  Field required [type=missing, input_value=&lt;models.Payment object at 0x000002582B266D50&gt;, input_type=Payment]&#10;    For further information visit https://errors.pydantic.dev/2.13/v/missing&#10;payment_date&#10;  Field required [type=missing, input_value=&lt;models.Payment object at 0x000002582B266D50&gt;, input_type=Payment]&#10;    For further information visit https://errors.pydantic.dev/2.13/v/missing">E   pydantic_core._pydantic_core.ValidationError: 2 validation errors for PaymentOut
    amount
      Field required [type=missing, input_value=&lt;models.Payment object at 0x000002582B266D50&gt;, input_type=Payment]
        For further information visit https://errors.pydantic.dev/2.13/v/missing
    payment_date
      Field required [type=missing, input_value=&lt;models.Payment object at 0x000002582B266D50&gt;, input_type=Payment]
        For further information visit https://errors.pydantic.dev/2.13/v/missing</failure></testcase><testcase classname="tests.integration.test_accrual_accounting" name="test_balance_sheet_monetary_funds_with_bank_accounts" time="3.447" /><testcase classname="tests.integration.test_accrual_accounting" name="test_balance_sheet_monetary_funds_reflects_payments" time="3.301"><failure message="pydantic_core._pydantic_core.ValidationError: 2 validation errors for PaymentOut&#10;amount&#10;  Field required [type=missing, input_value=&lt;models.Payment object at 0x000002582B315350&gt;, input_type=Payment]&#10;    For further information visit https://errors.pydantic.dev/2.13/v/missing&#10;payment_date&#10;  Field required [type=missing, input_value=&lt;models.Payment object at 0x000002582B315350&gt;, input_type=Payment]&#10;    For further information visit https://errors.pydantic.dev/2.13/v/missing">E   pydantic_core._pydantic_core.ValidationError: 2 validation errors for PaymentOut
    amount
      Field required [type=missing, input_value=&lt;models.Payment object at 0x000002582B315350&gt;, input_type=Payment]
        For further information visit https://errors.pydantic.dev/2.13/v/missing
    payment_date
      Field required [type=missing, input_value=&lt;models.Payment object at 0x000002582B315350&gt;, input_type=Payment]
        For further information visit https://errors.pydantic.dev/2.13/v/missing</failure></testcase><testcase classname="tests.integration.test_accrual_accounting" name="test_bank_account_balance_cannot_be_edited_directly" time="3.387"><failure message="AssertionError: assert '0' == '0.00'&#10;  &#10;  - 0.00&#10;  + 0">E   AssertionError: assert '0' == '0.00'
      
      - 0.00
      + 0</failure></testcase><testcase classname="tests.integration.test_bank_reconcile.TestBankEngine" name="test_seed_creates_items" time="0.030"><failure message="TypeError: 'amount_residual' is an invalid keyword argument for AccountMoveLine">E   TypeError: 'amount_residual' is an invalid keyword argument for AccountMoveLine</failure></testcase><testcase classname="tests.integration.test_bank_reconcile.TestBankEngine" name="test_1to1_match" time="0.031"><failure message="TypeError: 'amount_residual' is an invalid keyword argument for AccountMoveLine">E   TypeError: 'amount_residual' is an invalid keyword argument for AccountMoveLine</failure></testcase><testcase classname="tests.integration.test_bank_reconcile.TestBankEngine" name="test_combo_n1" time="0.030"><failure message="TypeError: 'amount_residual' is an invalid keyword argument for AccountMoveLine">E   TypeError: 'amount_residual' is an invalid keyword argument for AccountMoveLine</failure></testcase><testcase classname="tests.integration.test_bank_reconcile.TestBankEngine" name="test_confirm" time="0.029"><failure message="TypeError: 'amount_residual' is an invalid keyword argument for AccountMoveLine">E   TypeError: 'amount_residual' is an invalid keyword argument for AccountMoveLine</failure></testcase><testcase classname="tests.integration.test_bank_reconcile.TestBankAPI" name="test_statement_import" time="0.290"><failure message="AssertionError: {&quot;error&quot;:{&quot;code&quot;:&quot;VALIDATION_ERROR&quot;,&quot;message&quot;:&quot;导入对账单失败: 'opening_balance' is an invalid keyword argument for BankStatement&quot;,&quot;action&quot;:&quot;user_input&quot;,&quot;action_data&quot;:{},&quot;data&quot;:{},&quot;ai_instruction&quot;:&quot;STOP_RETRYING. 数据验证失败，请检查输入数据并修正后重试。&quot;}}&#10;assert 422 == 200&#10; +  where 422 = &lt;Response [422 Unprocessable Entity]&gt;.status_code">E   AssertionError: {"error":{"code":"VALIDATION_ERROR","message":"导入对账单失败: 'opening_balance' is an invalid keyword argument for BankStatement","action":"user_input","action_data":{},"data":{},"ai_instruction":"STOP_RETRYING. 数据验证失败，请检查输入数据并修正后重试。"}}
    assert 422 == 200
     +  where 422 = &lt;Response [422 Unprocessable Entity]&gt;.status_code</failure></testcase><testcase classname="tests.integration.test_bank_reconcile.TestMonthEndGuard" name="test_blocks_if_unconfirmed" time="0.030"><failure message="TypeError: 'amount_residual' is an invalid keyword argument for AccountMoveLine">E   TypeError: 'amount_residual' is an invalid keyword argument for AccountMoveLine</failure></testcase><testcase classname="tests.integration.test_engine_journal.TestSaleOrder" name="test_creates_correct_lines" time="0.027"><failure message="AssertionError: assert Decimal('113.00') == Decimal('213.00')&#10; +  where Decimal('113.00') = &lt;models_finance.AccountMove object at 0x000002582B497E10&gt;.amount_total_l2&#10; +  and   Decimal('213.00') = Decimal('213.00')">E   AssertionError: assert Decimal('113.00') == Decimal('213.00')
     +  where Decimal('113.00') = &lt;models_finance.AccountMove object at 0x000002582B497E10&gt;.amount_total_l2
     +  and   Decimal('213.00') = Decimal('213.00')</failure></testcase><testcase classname="tests.integration.test_engine_journal.TestSaleOrder" name="test_balance_check" time="0.029" /><testcase classname="tests.integration.test_engine_journal.TestSaleOrder" name="test_amount_mismatch_raises" time="0.016" /><testcase classname="tests.integration.test_engine_journal.TestSaleOrder" name="test_residual_on_debit_line" time="0.029" /><testcase classname="tests.integration.test_engine_journal.TestPurchaseOrder" name="test_creates_correct_lines" time="0.024" /><testcase classname="tests.integration.test_engine_journal.TestReceipt" name="test_creates_correct_lines" time="0.024" /><testcase classname="tests.integration.test_engine_journal.TestPayment" name="test_creates_correct_lines" time="0.025" /><testcase classname="tests.integration.test_engine_journal.TestExpense" name="test_creates_correct_lines" time="0.023" /><testcase classname="tests.integration.test_engine_journal.TestErrors" name="test_unknown_move_type" time="0.016" /><testcase classname="tests.integration.test_engine_journal.TestErrors" name="test_field_required" time="0.017" /><testcase classname="tests.integration.test_engine_journal.TestErrors" name="test_cash_insufficient_via_expense" time="0.027" /><testcase classname="tests.integration.test_engine_journal.TestBalanceUpdated" name="test_ledger_balance_after_sale" time="0.027"><failure message="AttributeError: 'NoneType' object has no attribute 'balance_l4'">E   AttributeError: 'NoneType' object has no attribute 'balance_l4'</failure></testcase><testcase classname="tests.integration.test_engine_ledger.TestNonLeafAccountGuard" name="test_raises_on_non_leaf" time="0.016" /><testcase classname="tests.integration.test_engine_ledger.TestNonLeafAccountGuard" name="test_passes_on_leaf" time="0.016" /><testcase classname="tests.integration.test_engine_ledger.TestLeafBalanceUpdate" name="test_debit_increases_balance" time="0.017" /><testcase classname="tests.integration.test_engine_ledger.TestLeafBalanceUpdate" name="test_credit_decreases_balance" time="0.017" /><testcase classname="tests.integration.test_engine_ledger.TestLeafBalanceUpdate" name="test_multiple_leaf_accounts_independent" time="0.019" /><testcase classname="tests.integration.test_engine_ledger.TestCashBalanceCheck" name="test_cash_negative_raises" time="0.018" /><testcase classname="tests.integration.test_engine_ledger.TestCashBalanceCheck" name="test_cash_exact_withdrawal_ok" time="0.020" /><testcase classname="tests.integration.test_engine_ledger.TestCashBalanceCheck" name="test_receivable_negative_allowed" time="0.018" /><testcase classname="tests.integration.test_engine_ledger.TestGetBalance" name="test_leaf_without_date" time="0.016" /><testcase classname="tests.integration.test_engine_ledger.TestGetBalance" name="test_leaf_with_date_asset" time="0.016" /><testcase classname="tests.integration.test_engine_ledger.TestGetBalance" name="test_leaf_with_date_liability" time="0.017" /><testcase classname="tests.integration.test_engine_ledger.TestGetBalance" name="test_leaf_with_date_before_move" time="0.015" /><testcase classname="tests.integration.test_engine_ledger.TestTrialBalance" name="test_basic_trial_balance" time="0.020" /><testcase classname="tests.integration.test_engine_receivable.TestReconcile" name="test_residual_decreases" time="0.015"><failure message="TypeError: 'date' is an invalid keyword argument for AccountMove">E   TypeError: 'date' is an invalid keyword argument for AccountMove</failure></testcase><testcase classname="tests.integration.test_engine_receivable.TestReconcile" name="test_reconciled_flag" time="0.015"><failure message="TypeError: 'date' is an invalid keyword argument for AccountMove">E   TypeError: 'date' is an invalid keyword argument for AccountMove</failure></testcase><testcase classname="tests.integration.test_engine_receivable.TestReconcile" name="test_partial_reconcile_created" time="0.015"><failure message="TypeError: 'date' is an invalid keyword argument for AccountMove">E   TypeError: 'date' is an invalid keyword argument for AccountMove</failure></testcase><testcase classname="tests.integration.test_engine_receivable.TestReconcile" name="test_cross_ledger_blocked" time="0.015"><failure message="TypeError: 'date' is an invalid keyword argument for AccountMove">E   TypeError: 'date' is an invalid keyword argument for AccountMove</failure></testcase><testcase classname="tests.integration.test_engine_receivable.TestGetPartnerBalance" name="test_customer_balance" time="0.015"><failure message="TypeError: 'date' is an invalid keyword argument for AccountMove">E   TypeError: 'date' is an invalid keyword argument for AccountMove</failure></testcase><testcase classname="tests.integration.test_engine_receivable.TestGetPartnerBalance" name="test_supplier_balance" time="0.015"><failure message="TypeError: 'date' is an invalid keyword argument for AccountMove">E   TypeError: 'date' is an invalid keyword argument for AccountMove</failure></testcase><testcase classname="tests.integration.test_engine_receivable.TestGetPartnerBalance" name="test_filter_by_account_type" time="0.015"><failure message="TypeError: 'date' is an invalid keyword argument for AccountMove">E   TypeError: 'date' is an invalid keyword argument for AccountMove</failure></testcase><testcase classname="tests.integration.test_engine_receivable.TestGetPartnerBalance" name="test_as_of_filter" time="0.016"><failure message="TypeError: 'date' is an invalid keyword argument for AccountMove">E   TypeError: 'date' is an invalid keyword argument for AccountMove</failure></testcase><testcase classname="tests.integration.test_engine_receivable.TestAgingReport" name="test_basic_buckets" time="0.015"><failure message="TypeError: 'date' is an invalid keyword argument for AccountMove">E   TypeError: 'date' is an invalid keyword argument for AccountMove</failure></testcase><testcase classname="tests.integration.test_engine_receivable.TestAgingReport" name="test_reconciled_lines_excluded" time="0.017"><failure message="TypeError: 'date' is an invalid keyword argument for AccountMove">E   TypeError: 'date' is an invalid keyword argument for AccountMove</failure></testcase><testcase classname="tests.integration.test_engine_receivable.TestAgingReport" name="test_all_buckets_present" time="0.016" /><testcase classname="tests.integration.test_error_guidance" name="test_invoice_duplicate_returns_ai_instruction" time="3.741" /><testcase classname="tests.integration.test_error_guidance" name="test_invoice_create_returns_operation_result" time="4.260" /><testcase classname="tests.integration.test_error_guidance" name="test_invoice_update_returns_operation_result" time="3.429" /><testcase classname="tests.integration.test_error_guidance" name="test_invoice_delete_blocked_by_readonly_middleware" time="3.418" /><testcase classname="tests.integration.test_export.TestExportProducts" name="test_export_products_excel" time="3.055" /><testcase classname="tests.integration.test_export.TestExportProducts" name="test_export_products_csv" time="0.015" /><testcase classname="tests.integration.test_export.TestExportInventory" name="test_export_inventory_excel" time="0.004"><failure message="AttributeError: type object 'Product' has no attribute 'track_inventory'">E   AttributeError: type object 'Product' has no attribute 'track_inventory'</failure></testcase><testcase classname="tests.integration.test_export.TestExportInventory" name="test_export_inventory_csv" time="0.003"><failure message="AttributeError: type object 'Product' has no attribute 'track_inventory'">E   AttributeError: type object 'Product' has no attribute 'track_inventory'</failure></testcase><testcase classname="tests.integration.test_export.TestExportInventory" name="test_export_inventory_alert_only" time="0.003"><failure message="AttributeError: type object 'Product' has no attribute 'track_inventory'">E   AttributeError: type object 'Product' has no attribute 'track_inventory'</failure></testcase><testcase classname="tests.integration.test_export.TestExportPurchases" name="test_export_purchases_excel" time="0.088" /><testcase classname="tests.integration.test_export.TestExportPurchases" name="test_export_purchases_csv" time="0.003" /><testcase classname="tests.integration.test_export.TestExportPurchases" name="test_export_purchases_with_date_filter" time="0.008" /><testcase classname="tests.integration.test_export.TestExportSales" name="test_export_sales_excel" time="0.024" /><testcase classname="tests.integration.test_export.TestExportSales" name="test_export_sales_csv" time="0.004" /><testcase classname="tests.integration.test_export.TestExportSales" name="test_export_sales_with_date_filter" time="0.008" /><testcase classname="tests.integration.test_export.TestExportProductsBatch" name="test_export_batch_valid_ids" time="0.018" /><testcase classname="tests.integration.test_export.TestExportProductsBatch" name="test_export_batch_empty_ids" time="0.002" /><testcase classname="tests.integration.test_export.TestExportProductsBatch" name="test_export_batch_invalid_ids" time="0.002" /><testcase classname="tests.integration.test_export.TestExportProductsBatch" name="test_export_batch_csv" time="0.014" /><testcase classname="tests.integration.test_export.TestExportProfit" name="test_export_profit_excel" time="0.009" /><testcase classname="tests.integration.test_export.TestExportProfit" name="test_export_profit_csv" time="0.005" /><testcase classname="tests.integration.test_export.TestExportProfit" name="test_export_profit_with_dates" time="0.008" /><testcase classname="tests.integration.test_finance_api.TestAccountChart" name="test_returns_all_phase1_accounts" time="3.102" /><testcase classname="tests.integration.test_finance_api.TestAccountChart" name="test_leaf_account_has_balance_zero" time="0.045" /><testcase classname="tests.integration.test_finance_api.TestAccountChart" name="test_non_leaf_not_returned" time="0.045" /><testcase classname="tests.integration.test_finance_api.TestJournalMoves" name="test_moves_list_after_sale" time="0.103"><failure message="pydantic_core._pydantic_core.ValidationError: 1 validation error for AccountMoveSummary&#10;date&#10;  Field required [type=missing, input_value=&lt;models_finance.AccountMo...t at 0x000002582C6371D0&gt;, input_type=AccountMove]&#10;    For further information visit https://errors.pydantic.dev/2.13/v/missing">E   pydantic_core._pydantic_core.ValidationError: 1 validation error for AccountMoveSummary
    date
      Field required [type=missing, input_value=&lt;models_finance.AccountMo...t at 0x000002582C6371D0&gt;, input_type=AccountMove]
        For further information visit https://errors.pydantic.dev/2.13/v/missing</failure></testcase><testcase classname="tests.integration.test_finance_api.TestJournalMoves" name="test_filter_by_move_type" time="0.008"><failure message="pydantic_core._pydantic_core.ValidationError: 1 validation error for AccountMoveSummary&#10;date&#10;  Field required [type=missing, input_value=&lt;models_finance.AccountMo...t at 0x000002582C644CD0&gt;, input_type=AccountMove]&#10;    For further information visit https://errors.pydantic.dev/2.13/v/missing">E   pydantic_core._pydantic_core.ValidationError: 1 validation error for AccountMoveSummary
    date
      Field required [type=missing, input_value=&lt;models_finance.AccountMo...t at 0x000002582C644CD0&gt;, input_type=AccountMove]
        For further information visit https://errors.pydantic.dev/2.13/v/missing</failure></testcase><testcase classname="tests.integration.test_finance_api.TestJournalMoves" name="test_filter_by_date" time="0.008"><failure message="pydantic_core._pydantic_core.ValidationError: 1 validation error for AccountMoveSummary&#10;date&#10;  Field required [type=missing, input_value=&lt;models_finance.AccountMo...t at 0x000002582C6C1C50&gt;, input_type=AccountMove]&#10;    For further information visit https://errors.pydantic.dev/2.13/v/missing">E   pydantic_core._pydantic_core.ValidationError: 1 validation error for AccountMoveSummary
    date
      Field required [type=missing, input_value=&lt;models_finance.AccountMo...t at 0x000002582C6C1C50&gt;, input_type=AccountMove]
        For further information visit https://errors.pydantic.dev/2.13/v/missing</failure></testcase><testcase classname="tests.integration.test_finance_api.TestJournalMoves" name="test_pagination" time="0.007"><failure message="pydantic_core._pydantic_core.ValidationError: 1 validation error for AccountMoveSummary&#10;date&#10;  Field required [type=missing, input_value=&lt;models_finance.AccountMo...t at 0x000002582C8B8F90&gt;, input_type=AccountMove]&#10;    For further information visit https://errors.pydantic.dev/2.13/v/missing">E   pydantic_core._pydantic_core.ValidationError: 1 validation error for AccountMoveSummary
    date
      Field required [type=missing, input_value=&lt;models_finance.AccountMo...t at 0x000002582C8B8F90&gt;, input_type=AccountMove]
        For further information visit https://errors.pydantic.dev/2.13/v/missing</failure></testcase><testcase classname="tests.integration.test_finance_api.TestJournalMoves" name="test_move_detail_has_lines_with_account_codes" time="0.007"><failure message="pydantic_core._pydantic_core.ValidationError: 1 validation error for AccountMoveSummary&#10;date&#10;  Field required [type=missing, input_value=&lt;models_finance.AccountMo...t at 0x000002582DA38510&gt;, input_type=AccountMove]&#10;    For further information visit https://errors.pydantic.dev/2.13/v/missing">E   pydantic_core._pydantic_core.ValidationError: 1 validation error for AccountMoveSummary
    date
      Field required [type=missing, input_value=&lt;models_finance.AccountMo...t at 0x000002582DA38510&gt;, input_type=AccountMove]
        For further information visit https://errors.pydantic.dev/2.13/v/missing</failure></testcase><testcase classname="tests.integration.test_finance_api.TestTrialBalance" name="test_balanced_after_sale" time="0.086" /><testcase classname="tests.integration.test_finance_api.TestTrialBalance" name="test_total_debit_equals_total_credit" time="0.005" /><testcase classname="tests.integration.test_finance_api.TestPartnerReceivable" name="test_customer_balance_and_aging" time="0.085" /><testcase classname="tests.integration.test_finance_api.TestPartnerReceivable" name="test_supplier_balance_and_aging" time="0.065" /><testcase classname="tests.integration.test_finance_tax_scenario.TestFullTaxScenario" name="test_01_create_input_special_invoice" time="3.038" /><testcase classname="tests.integration.test_finance_tax_scenario.TestFullTaxScenario" name="test_02_certify_input_invoice" time="0.034" /><testcase classname="tests.integration.test_finance_tax_scenario.TestFullTaxScenario" name="test_03_create_output_invoice" time="0.063" /><testcase classname="tests.integration.test_finance_tax_scenario.TestFullTaxScenario" name="test_04_quarterly_vat_report" time="0.005" /><testcase classname="tests.integration.test_finance_tax_scenario.TestFullTaxScenario" name="test_05_vat_check_endpoint_consistent" time="0.003"><failure message="assert 0.0 == 100.0&#10; +  where 0.0 = float(0.0)">E   assert 0.0 == 100.0
     +  where 0.0 = float(0.0)</failure></testcase><testcase classname="tests.integration.test_finance_tax_scenario.TestFullTaxScenario" name="test_06_income_tax_small_micro" time="0.003" /><testcase classname="tests.integration.test_finance_tax_scenario.TestFullTaxScenario" name="test_07_income_tax_over_3m_no_reduction" time="0.003" /><testcase classname="tests.integration.test_finance_tax_scenario.TestFullTaxScenario" name="test_08_invoice_amounts_check_closed_loop" time="0.003" /><testcase classname="tests.integration.test_finance_tax_scenario.TestFullTaxScenario" name="test_09_depreciation_straight_line" time="0.003" /><testcase classname="tests.integration.test_finance_tax_scenario.TestFullTaxScenario" name="test_10_balance_sheet_check" time="0.050" /><testcase classname="tests.integration.test_finance_tax_scenario.TestFullTaxScenario" name="test_11_income_tax_report_reachable" time="0.009" /><testcase classname="tests.integration.test_finance_tax_scenario.TestAccountingErrorGuidance" name="test_invalid_tax_rate_guided" time="0.002" /><testcase classname="tests.integration.test_finance_tax_scenario.TestAccountingErrorGuidance" name="test_negative_profit_guided" time="0.003"><failure message="assert 200 == 422&#10; +  where 200 = &lt;Response [200 OK]&gt;.status_code">E   assert 200 == 422
     +  where 200 = &lt;Response [200 OK]&gt;.status_code</failure></testcase><testcase classname="tests.integration.test_general_taxpayer_full_cycle.TestGeneralTaxpayerFullCycle" name="test_full_monthly_cycle" time="3.443"><failure message="AssertionError: {&quot;ok&quot;: false, &quot;entity&quot;: {&quot;error&quot;: {&quot;code&quot;: &quot;VALIDATION_ERROR&quot;, &quot;message&quot;: &quot;开户时不支持直接录入期初余额。请先创建银行账户（余额为0），再通过「期初余额」功能录入银行存款期初，系统会自动过账到总账 1002 科目。&quot;, &quot;action&quot;: &quot;user_input&quot;, &quot;action_data&quot;: {}, &quot;data&quot;: {}, &quot;ai_instruction&quot;: &quot;STOP_RETRYING. 期初余额必须走 OpeningBalance 流程，不能在开户时直接录入。&quot;}}, &quot;operation&quot;: &quot;created&quot;, &quot;idempotent&quot;: false, &quot;state_after&quot;: {}}&#10;assert 422 == 200&#10; +  where 422 = &lt;Response [422 Unprocessable Entity]&gt;.status_code">E   AssertionError: {"ok": false, "entity": {"error": {"code": "VALIDATION_ERROR", "message": "开户时不支持直接录入期初余额。请先创建银行账户（余额为0），再通过「期初余额」功能录入银行存款期初，系统会自动过账到总账 1002 科目。", "action": "user_input", "action_data": {}, "data": {}, "ai_instruction": "STOP_RETRYING. 期初余额必须走 OpeningBalance 流程，不能在开户时直接录入。"}}, "operation": "created", "idempotent": false, "state_after": {}}
    assert 422 == 200
     +  where 422 = &lt;Response [422 Unprocessable Entity]&gt;.status_code</failure></testcase><testcase classname="tests.integration.test_invoice_to_sale_order.TestInvoiceAutoGenerateSaleOrder" name="test_out_invoice_creates_sale_order" time="3.136" /><testcase classname="tests.integration.test_invoice_to_sale_order.TestInvoiceAutoGenerateSaleOrder" name="test_out_invoice_sale_order_amounts_match" time="0.070" /><testcase classname="tests.integration.test_invoice_to_sale_order.TestInvoiceAutoGenerateSaleOrder" name="test_out_invoice_items_synced_to_sale_order" time="0.070" /><testcase classname="tests.integration.test_invoice_to_sale_order.TestInvoiceAutoGenerateSaleOrder" name="test_out_invoice_missing_items_rejected" time="0.006" /><testcase classname="tests.integration.test_invoice_to_sale_order.TestInvoiceAutoGenerateSaleOrder" name="test_out_invoice_missing_seller_name_rejected" time="0.005" /><testcase classname="tests.integration.test_invoice_to_sale_order.TestInvoiceAutoGenerateSaleOrder" name="test_out_invoice_missing_buyer_name_rejected" time="0.005" /><testcase classname="tests.integration.test_invoice_to_sale_order.TestInvoiceAutoGenerateSaleOrder" name="test_in_invoice_no_sale_order" time="0.080" /><testcase classname="tests.integration.test_invoice_to_sale_order.TestInvoiceAutoGenerateSaleOrder" name="test_out_invoice_link_existing_no_new_sale_order" time="0.113" /><testcase classname="tests.integration.test_invoice_to_sale_order.TestInvoiceAutoGenerateSaleOrder" name="test_out_invoice_missing_sale_order_action_rejected" time="0.004" /><testcase classname="tests.integration.test_invoice_to_sale_order.TestInvoiceAutoGenerateSaleOrder" name="test_out_invoice_link_existing_missing_related_order_id_rejected" time="0.004" /><testcase classname="tests.integration.test_invoice_with_fixed_asset" name="test_database_isolation" time="0.406" /><testcase classname="tests.integration.test_invoice_with_fixed_asset" name="test_invoice_amount_equals_asset_original_value" time="3.469" /><testcase classname="tests.integration.test_invoice_with_fixed_asset" name="test_invoice_amounts_auto_calculated_and_balanced" time="3.299" /><testcase classname="tests.integration.test_invoice_with_fixed_asset" name="test_rollback_on_duplicate_invoice" time="3.459" /><testcase classname="tests.integration.test_invoice_with_fixed_asset" name="test_duplicate_invoice_number_returns_structured_error" time="3.430" /><testcase classname="tests.integration.test_invoice_with_fixed_asset" name="test_response_contains_complete_invoice_and_asset_info" time="3.453" /><testcase classname="tests.integration.test_invoice_with_fixed_asset" name="test_update_invoice_amount_syncs_asset" time="3.452" /><testcase classname="tests.integration.test_invoice_with_fixed_asset" name="test_delete_invoice_cascades_to_asset" time="3.335"><failure message="assert 403 == 200&#10; +  where 403 = &lt;Response [403 Forbidden]&gt;.status_code">E   assert 403 == 200
     +  where 403 = &lt;Response [403 Forbidden]&gt;.status_code</failure></testcase><testcase classname="tests.integration.test_invoice_with_fixed_asset" name="test_update_asset_syncs_invoice_amount" time="3.366" /><testcase classname="tests.integration.test_invoice_with_fixed_asset" name="test_delete_asset_clears_invoice_link" time="3.504"><failure message="assert 403 == 200&#10; +  where 403 = &lt;Response [403 Forbidden]&gt;.status_code">E   assert 403 == 200
     +  where 403 = &lt;Response [403 Forbidden]&gt;.status_code</failure></testcase><testcase classname="tests.integration.test_invoice_with_fixed_asset" name="test_invoice_calculation_uses_accounting_engine" time="3.538" /><testcase classname="tests.integration.test_invoices_quick_merge.TestQuickMergeFixedAsset" name="test_quick_with_fixed_asset_creates_both" time="3.081" /><testcase classname="tests.integration.test_invoices_quick_merge.TestQuickMergeFixedAsset" name="test_quick_with_fixed_asset_persisted" time="0.064" /><testcase classname="tests.integration.test_invoices_quick_merge.TestQuickMergeFixedAsset" name="test_quick_without_fixed_asset_creates_invoice_only" time="0.102" /><testcase classname="tests.integration.test_invoices_quick_merge.TestQuickMergeFixedAsset" name="test_quick_image_url_passthrough" time="0.097" /><testcase classname="tests.integration.test_invoices_quick_merge.TestQuickMergeFixedAsset" name="test_with_fixed_asset_endpoint_removed" time="0.003" /><testcase classname="tests.integration.test_opening_balance_validation.TestCreateOpeningBalanceValidation" name="test_basic_balance_passes" time="0.015" /><testcase classname="tests.integration.test_opening_balance_validation.TestCreateOpeningBalanceValidation" name="test_with_fixed_assets_validates_total" time="0.020" /><testcase classname="tests.integration.test_opening_balance_validation.TestCreateOpeningBalanceValidation" name="test_with_intangible_assets_validates_total" time="0.021" /><testcase classname="tests.integration.test_opening_balance_validation.TestCreateOpeningBalanceValidation" name="test_unbalanced_raises_error" time="0.002" /><testcase classname="tests.integration.test_opening_balance_validation.TestCreateOpeningBalanceValidation" name="test_non_current_assets_must_be_counted" time="0.002" /><testcase classname="tests.integration.test_opening_balance_validation.TestUpdateOpeningBalanceValidation" name="test_update_to_unbalanced_raises_error" time="0.015" /><testcase classname="tests.integration.test_purchases_router.TestListPurchases" name="test_list_default" time="3.182" /><testcase classname="tests.integration.test_purchases_router.TestListPurchases" name="test_list_with_filters" time="0.010" /><testcase classname="tests.integration.test_purchases_router.TestListPurchases" name="test_list_pagination" time="0.008" /><testcase classname="tests.integration.test_purchases_router.TestGetPurchase" name="test_get_not_found" time="0.003" /><testcase classname="tests.integration.test_purchases_router.TestGetPurchase" name="test_get_created_purchase" time="0.151" /><testcase classname="tests.integration.test_purchases_router.TestCreatePurchase" name="test_create_success" time="0.073" /><testcase classname="tests.integration.test_purchases_router.TestUpdatePurchase" name="test_update_status_to_cancelled" time="0.158" /><testcase classname="tests.integration.test_purchases_router.TestUpdatePurchase" name="test_update_not_found" time="0.003" /><testcase classname="tests.integration.test_purchases_router.TestCancelPurchase" name="test_cancel_not_found" time="0.004" /><testcase classname="tests.integration.test_purchases_router.TestCancelPurchase" name="test_cancel_success" time="0.151" /><testcase classname="tests.integration.test_purchases_router.TestDeletePurchase" name="test_delete_not_found" time="0.002" /><testcase classname="tests.integration.test_purchases_router.TestDeletePurchase" name="test_delete_with_items_blocked" time="0.075" /><testcase classname="tests.integration.test_reconciliations.TestAllReconciliations" name="test_all_supplier_reconciliation" time="3.076" /><testcase classname="tests.integration.test_reconciliations.TestAllReconciliations" name="test_all_customer_reconciliation" time="0.029" /><testcase classname="tests.integration.test_reconciliations.TestAllReconciliations" name="test_invalid_dates" time="0.004" /><testcase classname="tests.integration.test_reconciliations.TestAllReconciliations" name="test_invalid_party_type" time="0.002" /><testcase classname="tests.integration.test_reconciliations.TestReconciliationDetail" name="test_supplier_detail_not_found" time="0.006" /><testcase classname="tests.integration.test_reconciliations.TestReconciliationDetail" name="test_customer_detail_not_found" time="0.003" /><testcase classname="tests.integration.test_reconciliations.TestReconciliationDetail" name="test_supplier_detail_found" time="0.011" /><testcase classname="tests.integration.test_reconciliations.TestReconciliationDetail" name="test_customer_detail_found" time="0.011" /><testcase classname="tests.integration.test_reconciliations.TestReconciliationDetail" name="test_detail_invalid_dates" time="0.003" /><testcase classname="tests.integration.test_stress_ai_gateway.TestGatewayThroughput" name="test_100_consecutive_ai_blocks_all_403" time="2.967" /><testcase classname="tests.integration.test_stress_ai_gateway.TestGatewayThroughput" name="test_mixed_ai_user_no_cross_contamination" time="0.033" /><testcase classname="tests.integration.test_stress_ai_gateway.TestQuickBatchCreate" name="test_batch_50_invoices_all_succeed" time="3.747" /><testcase classname="tests.integration.test_stress_ai_gateway.TestGatewayMatchPerformance" name="test_1000_matches_under_50ms" time="0.004" /><testcase classname="tests.integration.test_stress_ai_gateway.TestGatewayMatchPerformance" name="test_capabilities_count_stable" time="0.001" /><testcase classname="tests.integration.test_stress_ai_gateway.TestMiddlewareStackMixedLoad" name="test_30_mixed_requests_correct_routing" time="2.512" /><testcase classname="tests.integration.test_xingwang_scenario.TestXingWangQ1" name="test_full_q1_scenario" time="3.587"><failure message="AttributeError: type object 'Product' has no attribute 'track_inventory'">E   AttributeError: type object 'Product' has no attribute 'track_inventory'</failure></testcase><testcase classname="tests.integration.test_会计准则校验.TestBalanceSheetEquation" name="test_balance_sheet_equation_2026_q1" time="2.964" /><testcase classname="tests.integration.test_会计准则校验.TestBalanceSheetEquation" name="test_balance_sheet_equation_2026_q2" time="0.002" /><testcase classname="tests.integration.test_会计准则校验.TestBalanceSheetEquation" name="test_balance_sheet_detail_structure" time="0.002" /><testcase classname="tests.integration.test_会计准则校验.TestBalanceSheetEquation" name="test_balance_sheet_no_double_count_fixed_assets" time="0.050" /><testcase classname="tests.integration.test_会计准则校验.TestBalanceSheetEquation" name="test_balance_sheet_opening_receivable_inventory" time="0.001"><failure message="AttributeError: type object 'OpeningBalance' has no attribute 'date'">E   AttributeError: type object 'OpeningBalance' has no attribute 'date'</failure></testcase><testcase classname="tests.integration.test_会计准则校验.TestIncomeStatementCalculation" name="test_income_statement_equation" time="0.002" /><testcase classname="tests.integration.test_会计准则校验.TestIncomeStatementCalculation" name="test_income_statement_detail" time="0.002" /><testcase classname="tests.integration.test_会计准则校验.TestVATCalculation" name="test_vat_calculation_q1" time="0.003" /><testcase classname="tests.integration.test_会计准则校验.TestVATCalculation" name="test_vat_calculation_q2" time="0.003" /><testcase classname="tests.integration.test_会计准则校验.TestVATCalculation" name="test_vat_report_structure" time="0.003" /><testcase classname="tests.integration.test_会计准则校验.TestIncomeTaxCalculation" name="test_income_tax_calculation" time="0.006" /><testcase classname="tests.integration.test_会计准则校验.TestIncomeTaxCalculation" name="test_income_tax_small_micro_enterprise" time="0.006" /><testcase classname="tests.integration.test_会计准则校验.TestIncomeTaxCalculation" name="test_income_tax_report_structure" time="0.006" /><testcase classname="tests.integration.test_会计准则校验.TestInvoiceAmountCalculation" name="test_invoice_amount_calculation_13_percent" time="0.017"><failure message="AssertionError: 创建发票失败: {&quot;ok&quot;: false, &quot;entity&quot;: {&quot;error&quot;: {&quot;code&quot;: &quot;INVOICE_DUPLICATE_NUMBER&quot;, &quot;message&quot;: &quot;发票号码已存在: TEST-INV-13PCT-1782921703-1&quot;, &quot;action&quot;: &quot;user_input&quot;, &quot;action_data&quot;: {}, &quot;data&quot;: {&quot;invoice_number&quot;: &quot;TEST-INV-13PCT-1782921703-1&quot;}, &quot;ai_instruction&quot;: &quot;STOP_RETRYING. 发票号码重复，请向用户确认正确的发票号码。&quot;}}, &quot;operation&quot;: &quot;created&quot;, &quot;idempotent&quot;: false, &quot;state_after&quot;: {}}&#10;assert 409 in (200, 201)&#10; +  where 409 = &lt;Response [409 Conflict]&gt;.status_code">E   AssertionError: 创建发票失败: {"ok": false, "entity": {"error": {"code": "INVOICE_DUPLICATE_NUMBER", "message": "发票号码已存在: TEST-INV-13PCT-1782921703-1", "action": "user_input", "action_data": {}, "data": {"invoice_number": "TEST-INV-13PCT-1782921703-1"}, "ai_instruction": "STOP_RETRYING. 发票号码重复，请向用户确认正确的发票号码。"}}, "operation": "created", "idempotent": false, "state_after": {}}
    assert 409 in (200, 201)
     +  where 409 = &lt;Response [409 Conflict]&gt;.status_code</failure></testcase><testcase classname="tests.integration.test_会计准则校验.TestInvoiceAmountCalculation" name="test_invoice_amount_calculation_1_percent" time="0.011"><failure message="AssertionError: 创建发票失败: {&quot;ok&quot;: false, &quot;entity&quot;: {&quot;error&quot;: {&quot;code&quot;: &quot;INVOICE_DUPLICATE_NUMBER&quot;, &quot;message&quot;: &quot;发票号码已存在: TEST-INV-1PCT-1782921703-2&quot;, &quot;action&quot;: &quot;user_input&quot;, &quot;action_data&quot;: {}, &quot;data&quot;: {&quot;invoice_number&quot;: &quot;TEST-INV-1PCT-1782921703-2&quot;}, &quot;ai_instruction&quot;: &quot;STOP_RETRYING. 发票号码重复，请向用户确认正确的发票号码。&quot;}}, &quot;operation&quot;: &quot;created&quot;, &quot;idempotent&quot;: false, &quot;state_after&quot;: {}}&#10;assert 409 in (200, 201)&#10; +  where 409 = &lt;Response [409 Conflict]&gt;.status_code">E   AssertionError: 创建发票失败: {"ok": false, "entity": {"error": {"code": "INVOICE_DUPLICATE_NUMBER", "message": "发票号码已存在: TEST-INV-1PCT-1782921703-2", "action": "user_input", "action_data": {}, "data": {"invoice_number": "TEST-INV-1PCT-1782921703-2"}, "ai_instruction": "STOP_RETRYING. 发票号码重复，请向用户确认正确的发票号码。"}}, "operation": "created", "idempotent": false, "state_after": {}}
    assert 409 in (200, 201)
     +  where 409 = &lt;Response [409 Conflict]&gt;.status_code</failure></testcase><testcase classname="tests.integration.test_会计准则校验.TestInvoiceAmountCalculation" name="test_invoice_amount_balance" time="0.004" /><testcase classname="tests.integration.test_会计准则校验.TestFixedAssetDepreciation" name="test_straight_line_depreciation" time="0.022" /><testcase classname="tests.integration.test_会计准则校验.TestDualCaliberCalculation" name="test_tax_caliber_uses_invoices" time="0.006" /><testcase classname="tests.integration.test_会计准则校验.TestAccountingEquations" name="test_balance_sheet_accessible" time="0.002" /><testcase classname="tests.integration.test_会计准则校验.TestAccountingEquations" name="test_income_statement_accessible" time="0.002" /><testcase classname="tests.integration.test_会计准则校验.TestAccountingEquations" name="test_cash_flow_accessible" time="0.006" /><testcase classname="tests.integration.test_会计准则校验.TestAccountingEquations" name="test_accounting_check_endpoints" time="0.011" /><testcase classname="tests.integration.test_会计准则校验.TestAccountBalanceReasonableness" name="test_no_negative_inventory" time="0.003"><failure message="AttributeError: type object 'Product' has no attribute 'track_inventory'">E   AttributeError: type object 'Product' has no attribute 'track_inventory'</failure></testcase><testcase classname="tests.integration.test_会计准则校验.TestAccountBalanceReasonableness" name="test_no_negative_accounts_receivable" time="0.002" /><testcase classname="tests.integration.test_会计准则校验.TestAccountBalanceReasonableness" name="test_fixed_assets_net_value" time="0.003" /><testcase classname="tests.integration.test_会计准则校验.TestBusinessRuleCompliance" name="test_payment_status_consistency" time="0.004" /><testcase classname="tests.integration.test_会计准则校验.TestBusinessRuleCompliance" name="test_order_amount_positive" time="0.005" /><testcase classname="tests.integration.test_会计准则校验.TestBusinessRuleCompliance" name="test_expense_categories_valid" time="0.005" /><testcase classname="tests.integration.test_会计准则校验.TestTaxCompliance" name="test_vat_tax_rate_valid" time="0.005" /><testcase classname="tests.integration.test_会计准则校验.TestTaxCompliance" name="test_invoice_direction_valid" time="0.004" /><testcase classname="tests.integration.test_会计准则校验.TestTaxCompliance" name="test_certification_status_valid" time="0.004" /><testcase classname="tests.integration.test_全面硬编码验证" name="test_purchase_amount_tax" time="3.078"><failure message="AssertionError: 金额错误: 10000.0 != 0&#10;assert Decimal('0') == Decimal('10000.0')">E   AssertionError: 金额错误: 10000.0 != 0
    assert Decimal('0') == Decimal('10000.0')</failure></testcase><testcase classname="tests.integration.test_全面硬编码验证" name="test_sale_amount_tax" time="0.100"><failure message="AssertionError: 金额错误: 4500.0 != 0&#10;assert Decimal('0') == Decimal('4500.0')">E   AssertionError: 金额错误: 4500.0 != 0
    assert Decimal('0') == Decimal('4500.0')</failure></testcase><testcase classname="tests.integration.test_全面硬编码验证" name="test_inventory" time="0.003"><failure message="AttributeError: type object 'Product' has no attribute 'track_inventory'">E   AttributeError: type object 'Product' has no attribute 'track_inventory'</failure></testcase><testcase classname="tests.integration.test_全面硬编码验证" name="test_return" time="0.003"><failure message="AttributeError: type object 'Product' has no attribute 'track_inventory'">E   AttributeError: type object 'Product' has no attribute 'track_inventory'</failure></testcase><testcase classname="tests.integration.test_全面硬编码验证" name="test_invoice" time="0.010"><failure message="assert 409 in (200, 201)&#10; +  where 409 = &lt;Response [409 Conflict]&gt;.status_code">E   assert 409 in (200, 201)
     +  where 409 = &lt;Response [409 Conflict]&gt;.status_code</failure></testcase><testcase classname="tests.integration.test_全面硬编码验证" name="test_expense" time="0.023"><failure message="AssertionError: 费用错误: 5000.0 != 0&#10;assert Decimal('0') == Decimal('5000.0')&#10; +  where Decimal('5000.0') = Decimal('5000.0')&#10; +    where '5000.0' = str(5000.0)">E   AssertionError: 费用错误: 5000.0 != 0
    assert Decimal('0') == Decimal('5000.0')
     +  where Decimal('5000.0') = Decimal('5000.0')
     +    where '5000.0' = str(5000.0)</failure></testcase><testcase classname="tests.integration.test_全面硬编码验证" name="test_vat" time="0.005" /><testcase classname="tests.integration.test_全面硬编码验证" name="test_income_tax" time="0.007" /><testcase classname="tests.integration.test_全面硬编码验证" name="test_balance_sheet" time="0.002" /><testcase classname="tests.integration.test_全面硬编码验证" name="test_income_statement" time="0.002" /><testcase classname="tests.integration.test_全面硬编码验证" name="test_income_tax_report" time="0.006" /><testcase classname="tests.integration.test_全面硬编码验证" name="test_final_inventory" time="0.003"><failure message="AttributeError: type object 'Product' has no attribute 'track_inventory'">E   AttributeError: type object 'Product' has no attribute 'track_inventory'</failure></testcase><testcase classname="tests.integration.test_半年业务模拟.TestOpeningBalance" name="test_set_opening_balance" time="2.924" /><testcase classname="tests.integration.test_半年业务模拟.TestOpeningBalance" name="test_opening_balance_saved" time="0.003" /><testcase classname="tests.integration.test_半年业务模拟.TestMonthlyBusinessCycle" name="test_january_business" time="0.120"><failure message="AttributeError: type object 'Product' has no attribute 'track_inventory'">E   AttributeError: type object 'Product' has no attribute 'track_inventory'</failure></testcase><testcase classname="tests.integration.test_半年业务模拟.TestMonthlyBusinessCycle" name="test_february_business" time="0.181" /><testcase classname="tests.integration.test_半年业务模拟.TestMonthlyBusinessCycle" name="test_march_business" time="0.351" /><testcase classname="tests.integration.test_半年业务模拟.TestMonthlyBusinessCycle" name="test_april_business" time="0.176" /><testcase classname="tests.integration.test_半年业务模拟.TestMonthlyBusinessCycle" name="test_may_business" time="0.176" /><testcase classname="tests.integration.test_半年业务模拟.TestMonthlyBusinessCycle" name="test_june_business" time="0.357" /><testcase classname="tests.integration.test_半年业务模拟.TestTaxReporting" name="test_q1_vat_report" time="0.004" /><testcase classname="tests.integration.test_半年业务模拟.TestTaxReporting" name="test_q1_income_tax_report" time="0.006" /><testcase classname="tests.integration.test_半年业务模拟.TestTaxReporting" name="test_q2_vat_report" time="0.003" /><testcase classname="tests.integration.test_半年业务模拟.TestTaxReporting" name="test_q2_income_tax_report" time="0.006" /><testcase classname="tests.integration.test_半年业务模拟.TestFinancialReports" name="test_balance_sheet" time="0.002" /><testcase classname="tests.integration.test_半年业务模拟.TestFinancialReports" name="test_income_statement" time="0.002" /><testcase classname="tests.integration.test_半年业务模拟.TestFinancialReports" name="test_cash_flow_statement" time="0.005" /><testcase classname="tests.integration.test_半年业务模拟.TestFinancialReports" name="test_reports_overview" time="0.008"><failure message="AttributeError: type object 'Product' has no attribute 'min_stock'">E   AttributeError: type object 'Product' has no attribute 'min_stock'</failure></testcase><testcase classname="tests.integration.test_半年业务模拟.TestFinancialReports" name="test_reports_purchase" time="0.011" /><testcase classname="tests.integration.test_半年业务模拟.TestFinancialReports" name="test_reports_sale" time="0.010" /><testcase classname="tests.integration.test_半年业务模拟.TestReconciliation" name="test_reconciliation_report" time="0.003" /><testcase classname="tests.integration.test_半年业务模拟.TestPersonalTransactions" name="test_create_personal_income" time="0.009"><failure message="fastapi.exceptions.ResponseValidationError: 2 validation errors:&#10;  {'type': 'missing', 'loc': ('response', 'amount'), 'msg': 'Field required', 'input': &lt;models.PersonalTransaction object at 0x000002582E1BF410&gt;}&#10;  {'type': 'missing', 'loc': ('response', 'date'), 'msg': 'Field required', 'input': &lt;models.PersonalTransaction object at 0x000002582E1BF410&gt;}&#10;&#10;  File &quot;C:\Users\Administrator\Desktop\-inventory-system\backend\routers\personal.py&quot;, line 63, in create_transaction&#10;    POST /api/personal">E   fastapi.exceptions.ResponseValidationError: 2 validation errors:
      {'type': 'missing', 'loc': ('response', 'amount'), 'msg': 'Field required', 'input': &lt;models.PersonalTransaction object at 0x000002582E1BF410&gt;}
      {'type': 'missing', 'loc': ('response', 'date'), 'msg': 'Field required', 'input': &lt;models.PersonalTransaction object at 0x000002582E1BF410&gt;}
    
      File "C:\Users\Administrator\Desktop\-inventory-system\backend\routers\personal.py", line 63, in create_transaction
        POST /api/personal</failure></testcase><testcase classname="tests.integration.test_半年业务模拟.TestPersonalTransactions" name="test_create_personal_expense" time="0.007"><failure message="fastapi.exceptions.ResponseValidationError: 2 validation errors:&#10;  {'type': 'missing', 'loc': ('response', 'amount'), 'msg': 'Field required', 'input': &lt;models.PersonalTransaction object at 0x000002582E278C10&gt;}&#10;  {'type': 'missing', 'loc': ('response', 'date'), 'msg': 'Field required', 'input': &lt;models.PersonalTransaction object at 0x000002582E278C10&gt;}&#10;&#10;  File &quot;C:\Users\Administrator\Desktop\-inventory-system\backend\routers\personal.py&quot;, line 63, in create_transaction&#10;    POST /api/personal">E   fastapi.exceptions.ResponseValidationError: 2 validation errors:
      {'type': 'missing', 'loc': ('response', 'amount'), 'msg': 'Field required', 'input': &lt;models.PersonalTransaction object at 0x000002582E278C10&gt;}
      {'type': 'missing', 'loc': ('response', 'date'), 'msg': 'Field required', 'input': &lt;models.PersonalTransaction object at 0x000002582E278C10&gt;}
    
      File "C:\Users\Administrator\Desktop\-inventory-system\backend\routers\personal.py", line 63, in create_transaction
        POST /api/personal</failure></testcase><testcase classname="tests.integration.test_半年业务模拟.TestPersonalTransactions" name="test_list_personal_transactions" time="0.006" /><testcase classname="tests.integration.test_半年业务模拟.TestFixedAssets" name="test_list_fixed_assets" time="0.003" /><testcase classname="tests.integration.test_半年业务模拟.TestFixedAssets" name="test_fixed_asset_depreciation" time="0.002" /><testcase classname="tests.integration.test_半年业务模拟.TestOperationLogs" name="test_list_logs" time="0.005" /><testcase classname="tests.integration.test_半年业务模拟.TestDataConsistency" name="test_inventory_consistency" time="0.003"><failure message="AttributeError: type object 'Product' has no attribute 'track_inventory'">E   AttributeError: type object 'Product' has no attribute 'track_inventory'</failure></testcase><testcase classname="tests.integration.test_半年业务模拟.TestDataConsistency" name="test_financial_data_accessible" time="0.007"><failure message="AttributeError: type object 'Product' has no attribute 'min_stock'">E   AttributeError: type object 'Product' has no attribute 'min_stock'</failure></testcase><testcase classname="tests.integration.test_半年业务模拟.TestBoundaryConditions" name="test_zero_quantity_sale" time="0.002" /><testcase classname="tests.integration.test_半年业务模拟.TestBoundaryConditions" name="test_negative_quantity_sale" time="0.002" /><testcase classname="tests.integration.test_半年业务模拟.TestBoundaryConditions" name="test_large_quantity_sale" time="0.070" /><testcase classname="tests.integration.test_半年业务模拟.TestConcurrency" name="test_concurrent_sales" time="0.003"><failure message="AttributeError: type object 'Product' has no attribute 'track_inventory'">E   AttributeError: type object 'Product' has no attribute 'track_inventory'</failure></testcase><testcase classname="tests.integration.test_半年业务模拟.TestSystemHealth" name="test_health_check" time="0.002" /><testcase classname="tests.integration.test_半年业务模拟.TestSystemHealth" name="test_enums_load" time="0.002" /><testcase classname="tests.integration.test_半年业务模拟.TestSystemHealth" name="test_accounts_list" time="0.004"><failure message="fastapi.exceptions.ResponseValidationError: 1 validation error:&#10;  {'type': 'missing', 'loc': ('response', 0, 'taxpayer_type'), 'msg': 'Field required', 'input': &lt;models.Account object at 0x000002582E269C50&gt;}&#10;&#10;  File &quot;C:\Users\Administrator\Desktop\-inventory-system\tests\integration\..\..\backend\main.py&quot;, line 386, in list_accounts&#10;    GET /api/accounts">E   fastapi.exceptions.ResponseValidationError: 1 validation error:
      {'type': 'missing', 'loc': ('response', 0, 'taxpayer_type'), 'msg': 'Field required', 'input': &lt;models.Account object at 0x000002582E269C50&gt;}
    
      File "C:\Users\Administrator\Desktop\-inventory-system\tests\integration\..\..\backend\main.py", line 386, in list_accounts
        GET /api/accounts</failure></testcase><testcase classname="tests.integration.test_无票销售退货场景.TestNoInvoiceSale" name="test_sale_without_invoice" time="3.078"><failure message="AttributeError: type object 'Product' has no attribute 'track_inventory'">E   AttributeError: type object 'Product' has no attribute 'track_inventory'</failure></testcase><testcase classname="tests.integration.test_无票销售退货场景.TestReturnSale" name="test_return_partial_sale" time="0.001"><skipped type="pytest.skip" message="销售单未创建">C:\Users\Administrator\Desktop\-inventory-system\tests\integration\test_无票销售退货场景.py:177: 销售单未创建</skipped></testcase><testcase classname="tests.integration.test_无票销售退货场景.TestTaxImpact" name="test_vat_report_impact" time="0.003" /><testcase classname="tests.integration.test_无票销售退货场景.TestTaxImpact" name="test_income_statement_impact" time="0.002" /><testcase classname="tests.integration.test_无票销售退货场景.TestBusinessRules" name="test_br4_no_invoice_vat" time="0.004" /><testcase classname="tests.integration.test_无票销售退货场景.TestBusinessRules" name="test_br2_tax_caliber" time="0.007" /><testcase classname="tests.integration.test_无票销售退货场景.TestDataChangeReport" name="test_generate_report" time="0.002" /><testcase classname="tests.transaction.test_delete_account_validation.TestDeleteAccountValidation" name="test_delete_empty_account_passes" time="0.301" /><testcase classname="tests.transaction.test_delete_account_validation.TestDeleteAccountValidation" name="test_account_with_bank_account_blocked" time="0.007" /><testcase classname="tests.transaction.test_delete_account_validation.TestDeleteAccountValidation" name="test_account_with_payment_blocked" time="0.009" /><testcase classname="tests.transaction.test_delete_account_validation.TestDeleteAccountValidation" name="test_account_with_fixed_asset_blocked" time="0.004"><failure message="TypeError: 'useful_life' is an invalid keyword argument for FixedAsset">E   TypeError: 'useful_life' is an invalid keyword argument for FixedAsset</failure></testcase><testcase classname="tests.transaction.test_delete_account_validation.TestDeleteAccountValidation" name="test_account_with_intangible_asset_blocked" time="0.092"><failure message="TypeError: 'useful_life' is an invalid keyword argument for IntangibleAsset">E   TypeError: 'useful_life' is an invalid keyword argument for IntangibleAsset</failure></testcase><testcase classname="tests.transaction.test_emit_as_log.TestEmitAsLogSingleWrite" name="test_create_sale_exactly_one_log" time="0.311" /><testcase classname="tests.transaction.test_emit_as_log.TestEmitAsLogSingleWrite" name="test_create_purchase_exactly_one_log" time="0.026" /><testcase classname="tests.transaction.test_emit_as_log.TestEmitAsLogSingleWrite" name="test_cancel_sale_exactly_one_log" time="0.037" /><testcase classname="tests.transaction.test_emit_as_log.TestEmitAsLogSingleWrite" name="test_delete_purchase_exactly_one_log" time="0.038" /><testcase classname="tests.transaction.test_export.TestExportProducts" name="test_export_products_excel" time="3.408" /><testcase classname="tests.transaction.test_export.TestExportProducts" name="test_export_products_csv" time="0.012" /><testcase classname="tests.transaction.test_export.TestExportInventory" name="test_export_inventory_excel" time="0.003"><failure message="AttributeError: type object 'Product' has no attribute 'track_inventory'">E   AttributeError: type object 'Product' has no attribute 'track_inventory'</failure></testcase><testcase classname="tests.transaction.test_export.TestExportInventory" name="test_export_inventory_csv" time="0.003"><failure message="AttributeError: type object 'Product' has no attribute 'track_inventory'">E   AttributeError: type object 'Product' has no attribute 'track_inventory'</failure></testcase><testcase classname="tests.transaction.test_export.TestExportInventory" name="test_export_inventory_alert_only" time="0.002"><failure message="AttributeError: type object 'Product' has no attribute 'track_inventory'">E   AttributeError: type object 'Product' has no attribute 'track_inventory'</failure></testcase><testcase classname="tests.transaction.test_export.TestExportPurchases" name="test_export_purchases_excel" time="0.020" /><testcase classname="tests.transaction.test_export.TestExportPurchases" name="test_export_purchases_csv" time="0.002" /><testcase classname="tests.transaction.test_export.TestExportPurchases" name="test_export_purchases_with_date_filter" time="0.006" /><testcase classname="tests.transaction.test_export.TestExportSales" name="test_export_sales_excel" time="0.021" /><testcase classname="tests.transaction.test_export.TestExportSales" name="test_export_sales_csv" time="0.002" /><testcase classname="tests.transaction.test_export.TestExportSales" name="test_export_sales_with_date_filter" time="0.006" /><testcase classname="tests.transaction.test_export.TestExportProductsBatch" name="test_export_batch_valid_ids" time="0.017" /><testcase classname="tests.transaction.test_export.TestExportProductsBatch" name="test_export_batch_empty_ids" time="0.001" /><testcase classname="tests.transaction.test_export.TestExportProductsBatch" name="test_export_batch_invalid_ids" time="0.001" /><testcase classname="tests.transaction.test_export.TestExportProductsBatch" name="test_export_batch_csv" time="0.012" /><testcase classname="tests.transaction.test_export.TestExportProfit" name="test_export_profit_excel" time="0.008" /><testcase classname="tests.transaction.test_export.TestExportProfit" name="test_export_profit_csv" time="0.003" /><testcase classname="tests.transaction.test_export.TestExportProfit" name="test_export_profit_with_dates" time="0.008" /><testcase classname="tests.transaction.test_security_middleware.TestGatewayIntegration" name="test_get_read_only_ok" time="3.001" /><testcase classname="tests.transaction.test_security_middleware.TestGatewayIntegration" name="test_post_user_allowed" time="0.004"><error message="failed on setup with &quot;TypeError: 'taxpayer_type' is an invalid keyword argument for Account&quot;">E   TypeError: 'taxpayer_type' is an invalid keyword argument for Account</error></testcase><testcase classname="tests.transaction.test_security_middleware.TestGatewayIntegration" name="test_post_no_operator_blocked" time="0.000"><error message="failed on setup with &quot;TypeError: 'taxpayer_type' is an invalid keyword argument for Account&quot;">E   TypeError: 'taxpayer_type' is an invalid keyword argument for Account</error></testcase><testcase classname="tests.transaction.test_security_middleware.TestGatewayIntegration" name="test_post_ai_whitelisted_allowed" time="0.000"><error message="failed on setup with &quot;TypeError: 'taxpayer_type' is an invalid keyword argument for Account&quot;">E   TypeError: 'taxpayer_type' is an invalid keyword argument for Account</error></testcase><testcase classname="tests.transaction.test_security_middleware.TestGatewayIntegration" name="test_post_ai_not_whitelisted_blocked" time="0.000"><error message="failed on setup with &quot;TypeError: 'taxpayer_type' is an invalid keyword argument for Account&quot;">E   TypeError: 'taxpayer_type' is an invalid keyword argument for Account</error></testcase><testcase classname="tests.transaction.test_security_middleware.TestBootstrap" name="test_bootstrap_init_creates_account" time="0.007"><failure message="TypeError: 'taxpayer_type' is an invalid keyword argument for Account">E   TypeError: 'taxpayer_type' is an invalid keyword argument for Account</failure></testcase><testcase classname="tests.transaction.test_security_middleware.TestBootstrap" name="test_bootstrap_init_idempotent" time="0.003"><failure message="TypeError: 'taxpayer_type' is an invalid keyword argument for Account">E   TypeError: 'taxpayer_type' is an invalid keyword argument for Account</failure></testcase><testcase classname="tests.transaction.test_个人垫付全流程.Test创建垫付单" name="test_create_success_returns_PA_no_and_journal" time="3.202"><failure message="pydantic_core._pydantic_core.ValidationError: 3 validation errors for PersonalAdvanceOut&#10;amount&#10;  Field required [type=missing, input_value=&lt;models.PersonalAdvance o...t at 0x000002582DEFBC50&gt;, input_type=PersonalAdvance]&#10;    For further information visit https://errors.pydantic.dev/2.13/v/missing&#10;advance_date&#10;  Field required [type=missing, input_value=&lt;models.PersonalAdvance o...t at 0x000002582DEFBC50&gt;, input_type=PersonalAdvance]&#10;    For further information visit https://errors.pydantic.dev/2.13/v/missing&#10;paid_amount&#10;  Field required [type=missing, input_value=&lt;models.PersonalAdvance o...t at 0x000002582DEFBC50&gt;, input_type=PersonalAdvance]&#10;    For further information visit https://errors.pydantic.dev/2.13/v/missing">E   pydantic_core._pydantic_core.ValidationError: 3 validation errors for PersonalAdvanceOut
    amount
      Field required [type=missing, input_value=&lt;models.PersonalAdvance o...t at 0x000002582DEFBC50&gt;, input_type=PersonalAdvance]
        For further information visit https://errors.pydantic.dev/2.13/v/missing
    advance_date
      Field required [type=missing, input_value=&lt;models.PersonalAdvance o...t at 0x000002582DEFBC50&gt;, input_type=PersonalAdvance]
        For further information visit https://errors.pydantic.dev/2.13/v/missing
    paid_amount
[...]
error message="failed on setup with &quot;TypeError: 'taxpayer_type' is an invalid keyword argument for Account&quot;">E   TypeError: 'taxpayer_type' is an invalid keyword argument for Account</error></testcase><testcase classname="tests.transaction.test_财务核算.Test错误处理.TestOperationResult" name="test_invoice_update_returns_operation_result" time="0.000"><error message="failed on setup with &quot;TypeError: 'taxpayer_type' is an invalid keyword argument for Account&quot;">E   TypeError: 'taxpayer_type' is an invalid keyword argument for Account</error></testcase><testcase classname="tests.transaction.test_财务核算.Test错误处理.TestOperationResult" name="test_invoice_delete_blocked_by_readonly_middleware" time="0.002"><error message="failed on setup with &quot;TypeError: 'taxpayer_type' is an invalid keyword argument for Account&quot;">E   TypeError: 'taxpayer_type' is an invalid keyword argument for Account</error></testcase><testcase classname="tests.transaction.test_资金对账.Test银行流水" name="test_create_inflow" time="3.414"><error message="failed on setup with &quot;TypeError: 'taxpayer_type' is an invalid keyword argument for Account&quot;">E   TypeError: 'taxpayer_type' is an invalid keyword argument for Account</error></testcase><testcase classname="tests.transaction.test_资金对账.Test银行流水" name="test_create_outflow" time="0.000"><error message="failed on setup with &quot;TypeError: 'taxpayer_type' is an invalid keyword argument for Account&quot;">E   TypeError: 'taxpayer_type' is an invalid keyword argument for Account</error></testcase><testcase classname="tests.transaction.test_资金对账.Test银行流水" name="test_create_with_related_entity" time="0.000"><error message="failed on setup with &quot;TypeError: 'taxpayer_type' is an invalid keyword argument for Account&quot;">E   TypeError: 'taxpayer_type' is an invalid keyword argument for Account</error></testcase><testcase classname="tests.transaction.test_资金对账.Test银行流水" name="test_create_invalid_type" time="0.000"><error message="failed on setup with &quot;TypeError: 'taxpayer_type' is an invalid keyword argument for Account&quot;">E   TypeError: 'taxpayer_type' is an invalid keyword argument for Account</error></testcase><testcase classname="tests.transaction.test_资金对账.Test银行流水" name="test_list_default" time="0.000"><error message="failed on setup with &quot;TypeError: 'taxpayer_type' is an invalid keyword argument for Account&quot;">E   TypeError: 'taxpayer_type' is an invalid keyword argument for Account</error></testcase><testcase classname="tests.transaction.test_资金对账.Test银行流水" name="test_list_with_filters" time="0.000"><error message="failed on setup with &quot;TypeError: 'taxpayer_type' is an invalid keyword argument for Account&quot;">E   TypeError: 'taxpayer_type' is an invalid keyword argument for Account</error></testcase><testcase classname="tests.transaction.test_资金对账.Test银行流水" name="test_list_pagination" time="0.000"><error message="failed on setup with &quot;TypeError: 'taxpayer_type' is an invalid keyword argument for Account&quot;">E   TypeError: 'taxpayer_type' is an invalid keyword argument for Account</error></testcase><testcase classname="tests.transaction.test_资金对账.Test银行流水" name="test_list_includes_created" time="0.000"><error message="failed on setup with &quot;TypeError: 'taxpayer_type' is an invalid keyword argument for Account&quot;">E   TypeError: 'taxpayer_type' is an invalid keyword argument for Account</error></testcase><testcase classname="tests.transaction.test_资金对账.Test银行流水" name="test_update_amount" time="0.000"><error message="failed on setup with &quot;TypeError: 'taxpayer_type' is an invalid keyword argument for Account&quot;">E   TypeError: 'taxpayer_type' is an invalid keyword argument for Account</error></testcase><testcase classname="tests.transaction.test_资金对账.Test银行流水" name="test_update_description" time="0.000"><error message="failed on setup with &quot;TypeError: 'taxpayer_type' is an invalid keyword argument for Account&quot;">E   TypeError: 'taxpayer_type' is an invalid keyword argument for Account</error></testcase><testcase classname="tests.transaction.test_资金对账.Test银行流水" name="test_update_not_found" time="0.000"><error message="failed on setup with &quot;TypeError: 'taxpayer_type' is an invalid keyword argument for Account&quot;">E   TypeError: 'taxpayer_type' is an invalid keyword argument for Account</error></testcase><testcase classname="tests.transaction.test_资金对账.Test银行流水" name="test_delete_existing" time="0.000"><error message="failed on setup with &quot;TypeError: 'taxpayer_type' is an invalid keyword argument for Account&quot;">E   TypeError: 'taxpayer_type' is an invalid keyword argument for Account</error></testcase><testcase classname="tests.transaction.test_资金对账.Test银行流水" name="test_delete_not_found" time="0.000"><error message="failed on setup with &quot;TypeError: 'taxpayer_type' is an invalid keyword argument for Account&quot;">E   TypeError: 'taxpayer_type' is an invalid keyword argument for Account</error></testcase><testcase classname="tests.transaction.test_资金对账.Test银行流水" name="test_delete_twice" time="0.000"><error message="failed on setup with &quot;TypeError: 'taxpayer_type' is an invalid keyword argument for Account&quot;">E   TypeError: 'taxpayer_type' is an invalid keyword argument for Account</error></testcase><testcase classname="tests.transaction.test_资金对账.Test银行流水" name="test_statement_default" time="0.000"><error message="failed on setup with &quot;TypeError: 'taxpayer_type' is an invalid keyword argument for Account&quot;">E   TypeError: 'taxpayer_type' is an invalid keyword argument for Account</error></testcase><testcase classname="tests.transaction.test_资金对账.Test银行流水" name="test_statement_invalid_dates" time="0.000"><error message="failed on setup with &quot;TypeError: 'taxpayer_type' is an invalid keyword argument for Account&quot;">E   TypeError: 'taxpayer_type' is an invalid keyword argument for Account</error></testcase><testcase classname="tests.transaction.test_资金对账.Test往来对账" name="test_all_supplier_reconciliation" time="0.000"><error message="failed on setup with &quot;TypeError: 'taxpayer_type' is an invalid keyword argument for Account&quot;">E   TypeError: 'taxpayer_type' is an invalid keyword argument for Account</error></testcase><testcase classname="tests.transaction.test_资金对账.Test往来对账" name="test_all_customer_reconciliation" time="0.000"><error message="failed on setup with &quot;TypeError: 'taxpayer_type' is an invalid keyword argument for Account&quot;">E   TypeError: 'taxpayer_type' is an invalid keyword argument for Account</error></testcase><testcase classname="tests.transaction.test_资金对账.Test往来对账" name="test_invalid_dates" time="0.000"><error message="failed on setup with &quot;TypeError: 'taxpayer_type' is an invalid keyword argument for Account&quot;">E   TypeError: 'taxpayer_type' is an invalid keyword argument for Account</error></testcase><testcase classname="tests.transaction.test_资金对账.Test往来对账" name="test_invalid_party_type" time="0.000"><error message="failed on setup with &quot;TypeError: 'taxpayer_type' is an invalid keyword argument for Account&quot;">E   TypeError: 'taxpayer_type' is an invalid keyword argument for Account</error></testcase><testcase classname="tests.transaction.test_资金对账.Test往来对账" name="test_supplier_detail_found" time="0.000"><error message="failed on setup with &quot;TypeError: 'taxpayer_type' is an invalid keyword argument for Account&quot;">E   TypeError: 'taxpayer_type' is an invalid keyword argument for Account</error></testcase><testcase classname="tests.transaction.test_资金对账.Test往来对账" name="test_customer_detail_found" time="0.000"><error message="failed on setup with &quot;TypeError: 'taxpayer_type' is an invalid keyword argument for Account&quot;">E   TypeError: 'taxpayer_type' is an invalid keyword argument for Account</error></testcase><testcase classname="tests.transaction.test_资金对账.Test往来对账" name="test_supplier_detail_not_found" time="0.000"><error message="failed on setup with &quot;TypeError: 'taxpayer_type' is an invalid keyword argument for Account&quot;">E   TypeError: 'taxpayer_type' is an invalid keyword argument for Account</error></testcase><testcase classname="tests.transaction.test_资金对账.Test往来对账" name="test_customer_detail_not_found" time="0.000"><error message="failed on setup with &quot;TypeError: 'taxpayer_type' is an invalid keyword argument for Account&quot;">E   TypeError: 'taxpayer_type' is an invalid keyword argument for Account</error></testcase><testcase classname="tests.transaction.test_资金对账.Test往来对账" name="test_detail_invalid_dates" time="0.002"><error message="failed on setup with &quot;TypeError: 'taxpayer_type' is an invalid keyword argument for Account&quot;">E   TypeError: 'taxpayer_type' is an invalid keyword argument for Account</error></testcase><testcase classname="tests.transaction.test_采购全流程.Test创建采购单" name="test_empty_items" time="0.297" /><testcase classname="tests.transaction.test_采购全流程.Test创建采购单" name="test_duplicate_products" time="0.005" /><testcase classname="tests.transaction.test_采购全流程.Test创建采购单" name="test_product_not_found" time="0.009" /><testcase classname="tests.transaction.test_采购全流程.Test创建采购单" name="test_create_success" time="0.042" /><testcase classname="tests.transaction.test_采购全流程.Test创建采购单" name="test_api_create_success" time="3.037" /><testcase classname="tests.transaction.test_采购全流程.Test查询采购单" name="test_list_default" time="0.006" /><testcase classname="tests.transaction.test_采购全流程.Test查询采购单" name="test_list_with_filters" time="0.005" /><testcase classname="tests.transaction.test_采购全流程.Test查询采购单" name="test_list_pagination" time="0.003" /><testcase classname="tests.transaction.test_采购全流程.Test查询采购单" name="test_get_not_found" time="0.002" /><testcase classname="tests.transaction.test_采购全流程.Test查询采购单" name="test_get_created_purchase" time="0.051" /><testcase classname="tests.transaction.test_采购全流程.Test取消采购单" name="test_cancel_not_found" time="0.003" /><testcase classname="tests.transaction.test_采购全流程.Test取消采购单" name="test_cancel_already_cancelled" time="0.063" /><testcase classname="tests.transaction.test_采购全流程.Test取消采购单" name="test_cancel_success" time="0.150" /><testcase classname="tests.transaction.test_采购全流程.Test删除采购单" name="test_delete_not_found" time="0.001" /><testcase classname="tests.transaction.test_采购全流程.Test删除采购单" name="test_delete_success" time="0.050" /><testcase classname="tests.transaction.test_采购全流程.Test删除采购单" name="test_delete_with_items_blocked" time="0.084" /><testcase classname="tests.transaction.test_采购全流程.Test更新采购单" name="test_update_not_found" time="0.003" /><testcase classname="tests.transaction.test_采购全流程.Test更新采购单" name="test_update_duplicate_products" time="0.031" /><testcase classname="tests.transaction.test_采购全流程.Test更新采购单" name="test_update_to_empty_deletes_order" time="0.036" /><testcase classname="tests.transaction.test_采购全流程.Test更新采购单" name="test_update_success" time="0.054" /><testcase classname="tests.transaction.test_采购全流程.Test更新采购单" name="test_update_fields" time="0.042" /><testcase classname="tests.transaction.test_采购全流程.Test更新采购单" name="test_update_status_to_cancelled" time="0.093" /><testcase classname="tests.transaction.test_销售全流程.Test创建销售单" name="test_custom_sale_date" time="3.206"><error message="failed on setup with &quot;TypeError: 'taxpayer_type' is an invalid keyword argument for Account&quot;">E   TypeError: 'taxpayer_type' is an invalid keyword argument for Account</error></testcase><testcase classname="tests.transaction.test_销售全流程.Test创建销售单" name="test_schema_accepts_sale_date" time="0.000"><error message="failed on setup with &quot;TypeError: 'taxpayer_type' is an invalid keyword argument for Account&quot;">E   TypeError: 'taxpayer_type' is an invalid keyword argument for Account</error></testcase><testcase classname="tests.transaction.test_销售全流程.Test创建销售单" name="test_auto_calculate_without_total_price" time="0.000"><error message="failed on setup with &quot;TypeError: 'taxpayer_type' is an invalid keyword argument for Account&quot;">E   TypeError: 'taxpayer_type' is an invalid keyword argument for Account</error></testcase><testcase classname="tests.transaction.test_销售全流程.Test创建销售单" name="test_distribute_to_zero_price_items" time="0.000"><error message="failed on setup with &quot;TypeError: 'taxpayer_type' is an invalid keyword argument for Account&quot;">E   TypeError: 'taxpayer_type' is an invalid keyword argument for Account</error></testcase><testcase classname="tests.transaction.test_销售全流程.Test创建销售单" name="test_distribute_to_partial_zero_price_items" time="0.000"><error message="failed on setup with &quot;TypeError: 'taxpayer_type' is an invalid keyword argument for Account&quot;">E   TypeError: 'taxpayer_type' is an invalid keyword argument for Account</error></testcase><testcase classname="tests.transaction.test_销售全流程.Test创建销售单" name="test_proportional_discount_when_all_have_price" time="0.000"><error message="failed on setup with &quot;TypeError: 'taxpayer_type' is an invalid keyword argument for Account&quot;">E   TypeError: 'taxpayer_type' is an invalid keyword argument for Account</error></testcase><testcase classname="tests.transaction.test_销售全流程.Test创建销售单" name="test_unit_price_precision_6_digits" time="0.000"><error message="failed on setup with &quot;TypeError: 'taxpayer_type' is an invalid keyword argument for Account&quot;">E   TypeError: 'taxpayer_type' is an invalid keyword argument for Account</error></testcase><testcase classname="tests.transaction.test_销售全流程.Test创建销售单" name="test_duplicate_product_blocked" time="0.000"><error message="failed on setup with &quot;TypeError: 'taxpayer_type' is an invalid keyword argument for Account&quot;">E   TypeError: 'taxpayer_type' is an invalid keyword argument for Account</error></testcase><testcase classname="tests.transaction.test_销售全流程.Test创建销售单" name="test_purchase_duplicate_product_blocked" time="0.000"><error message="failed on setup with &quot;TypeError: 'taxpayer_type' is an invalid keyword argument for Account&quot;">E   TypeError: 'taxpayer_type' is an invalid keyword argument for Account</error></testcase><testcase classname="tests.transaction.test_销售全流程.Test创建销售单" name="test_different_products_ok" time="0.000"><error message="failed on setup with &quot;TypeError: 'taxpayer_type' is an invalid keyword argument for Account&quot;">E   TypeError: 'taxpayer_type' is an invalid keyword argument for Account</error></testcase><testcase classname="tests.transaction.test_销售全流程.Test创建销售单" name="test_t3_purchase_updates_stockmove_and_inventory" time="0.000"><error message="failed on setup with &quot;TypeError: 'taxpayer_type' is an invalid keyword argument for Account&quot;">E   TypeError: 'taxpayer_type' is an invalid keyword argument for Account</error></testcase><testcase classname="tests.transaction.test_销售全流程.Test创建销售单" name="test_t3_sale_keeps_consistency" time="0.000"><error message="failed on setup with &quot;TypeError: 'taxpayer_type' is an invalid keyword argument for Account&quot;">E   TypeError: 'taxpayer_type' is an invalid keyword argument for Account</error></testcase><testcase classname="tests.transaction.test_销售全流程.Test创建销售单" name="test_t4_valuation_formula" time="0.000"><error message="failed on setup with &quot;TypeError: 'taxpayer_type' is an invalid keyword argument for Account&quot;">E   TypeError: 'taxpayer_type' is an invalid keyword argument for Account</error></testcase><testcase classname="tests.transaction.test_销售全流程.Test创建销售单" name="test_t4_weighted_average_between_prices" time="0.000"><error message="failed on setup with &quot;TypeError: 'taxpayer_type' is an invalid keyword argument for Account&quot;">E   TypeError: 'taxpayer_type' is an invalid keyword argument for Account</error></testcase><testcase classname="tests.transaction.test_销售全流程.Test创建销售单" name="test_t2_cost_locked_at_sale_time" time="0.000"><error message="failed on setup with &quot;TypeError: 'taxpayer_type' is an invalid keyword argument for Account&quot;">E   TypeError: 'taxpayer_type' is an invalid keyword argument for Account</error></testcase><testcase classname="tests.transaction.test_销售全流程.Test创建销售单" name="test_t2_income_statement_cogs_matches_items" time="0.000"><error message="failed on setup with &quot;TypeError: 'taxpayer_type' is an invalid keyword argument for Account&quot;">E   TypeError: 'taxpayer_type' is an invalid keyword argument for Account</error></testcase><testcase classname="tests.transaction.test_销售全流程.Test创建销售单" name="test_t3_truth_source_multiple_products" time="0.000"><error message="failed on setup with &quot;TypeError: 'taxpayer_type' is an invalid keyword argument for Account&quot;">E   TypeError: 'taxpayer_type' is an invalid keyword argument for Account</error></testcase><testcase classname="tests.transaction.test_销售全流程.Test创建销售单" name="test_t5_ar_equals_unpaid_orders" time="0.000"><error message="failed on setup with &quot;TypeError: 'taxpayer_type' is an invalid keyword argument for Account&quot;">E   TypeError: 'taxpayer_type' is an invalid keyword argument for Account</error></testcase><testcase classname="tests.transaction.test_销售全流程.Test创建销售单" name="test_t1_net_profit_equals_retained_earnings_delta" time="0.000"><error message="failed on setup with &quot;TypeError: 'taxpayer_type' is an invalid keyword argument for Account&quot;">E   TypeError: 'taxpayer_type' is an invalid keyword argument for Account</error></testcase><testcase classname="tests.transaction.test_销售全流程.Test创建销售单" name="test_t6_surcharge_equals_vat_times_12_percent" time="0.000"><error message="failed on setup with &quot;TypeError: 'taxpayer_type' is an invalid keyword argument for Account&quot;">E   TypeError: 'taxpayer_type' is an invalid keyword argument for Account</error></testcase><testcase classname="tests.transaction.test_销售全流程.Test取消恢复销售单" name="test_cancel_completed_order" time="0.000"><error message="failed on setup with &quot;TypeError: 'taxpayer_type' is an invalid keyword argument for Account&quot;">E   TypeError: 'taxpayer_type' is an invalid keyword argument for Account</error></testcase><testcase classname="tests.transaction.test_销售全流程.Test取消恢复销售单" name="test_cancel_already_cancelled_blocked" time="0.000"><error message="failed on setup with &quot;TypeError: 'taxpayer_type' is an invalid keyword argument for Account&quot;">E   TypeError: 'taxpayer_type' is an invalid keyword argument for Account</error></testcase><testcase classname="tests.transaction.test_销售全流程.Test取消恢复销售单" name="test_cancel_restores_inventory" time="0.000"><error message="failed on setup with &quot;TypeError: 'taxpayer_type' is an invalid keyword argument for Account&quot;">E   TypeError: 'taxpayer_type' is an invalid keyword argument for Account</error></testcase><testcase classname="tests.transaction.test_销售全流程.Test取消恢复销售单" name="test_t3_reversal_keeps_consistency" time="0.002"><error message="failed on setup with &quot;TypeError: 'taxpayer_type' is an invalid keyword argument for Account&quot;">E   TypeError: 'taxpayer_type' is an invalid keyword argument for Account</error></testcase><testcase classname="tests.invariants.test_truth_source_invariants.Test采购退货借贷同源" name="test_场景验证_A的unit_cost被稀释" time="0.367" /><testcase classname="tests.invariants.test_truth_source_invariants.Test采购退货借贷同源" name="test_采购退货贷方库存等于原发票单价乘数量" time="0.380" /><testcase classname="tests.invariants.test_truth_source_invariants.Test采购退货借贷同源" name="test_采购退货贷方税额等于原发票单价乘税率" time="0.501" /><testcase classname="tests.invariants.test_truth_source_invariants.Test采购退货借贷同源" name="test_采购退货借方应付等于价税合计" time="0.383" /><testcase classname="tests.invariants.test_truth_source_invariants.Test采购退货借贷同源" name="test_采购退货借贷平衡且三方同源" time="0.388" /><testcase classname="tests.invariants.test_truth_source_invariants.Test反向StockMove同源" name="test_反向StockMove总成本等于原入库按比例分摊" time="0.435" /><testcase classname="tests.invariants.test_truth_source_invariants.Test反向StockMove同源" name="test_库存账面价值等于StockMove求和" time="0.425" /></testsuite></testsuites>